2023-03-26 12:16:40.578  INFO [ORDER-SERVICE,,] 8388 --- [restartedMain] c.e.o.OrderServiceApplication            : Starting OrderServiceApplication using Java 17.0.6 on rajendramani-ThinkPad-T430 with PID 8388 (/home/rajendramani/Documents/workspace/gitlab/orderservice/target/classes started by rajendramani in /home/rajendramani/Documents/workspace/gitlab/orderservice)
2023-03-26 12:16:40.580  INFO [ORDER-SERVICE,,] 8388 --- [restartedMain] c.e.o.OrderServiceApplication            : No active profile set, falling back to 1 default profile: "default"
2023-03-26 12:16:40.634  INFO [ORDER-SERVICE,,] 8388 --- [restartedMain] o.s.c.c.c.ConfigServerConfigDataLoader   : Fetching config from server at : http://localhost:9296
2023-03-26 12:16:40.635  INFO [ORDER-SERVICE,,] 8388 --- [restartedMain] o.s.c.c.c.ConfigServerConfigDataLoader   : Located environment: name=ORDER-SERVICE, profiles=[default], label=null, version=308c6d916ef11386bd1ecae6165eea29dabbd078, state=null
2023-03-26 12:16:40.637  INFO [ORDER-SERVICE,,] 8388 --- [restartedMain] .e.DevToolsPropertyDefaultsPostProcessor : Devtools property defaults active! Set 'spring.devtools.add-properties' to 'false' to disable
2023-03-26 12:16:40.637  INFO [ORDER-SERVICE,,] 8388 --- [restartedMain] .e.DevToolsPropertyDefaultsPostProcessor : For additional web related logging consider setting the 'logging.level.web' property to 'DEBUG'
2023-03-26 12:16:41.592  INFO [ORDER-SERVICE,,] 8388 --- [restartedMain] .s.d.r.c.RepositoryConfigurationDelegate : Bootstrapping Spring Data JPA repositories in DEFAULT mode.
2023-03-26 12:16:41.724  INFO [ORDER-SERVICE,,] 8388 --- [restartedMain] .s.d.r.c.RepositoryConfigurationDelegate : Finished Spring Data repository scanning in 122 ms. Found 1 JPA repository interfaces.
2023-03-26 12:16:42.163  INFO [ORDER-SERVICE,,] 8388 --- [restartedMain] o.s.cloud.context.scope.GenericScope     : BeanFactory id=01bdfd0d-d5fa-32b1-b668-617e38f29ede
2023-03-26 12:16:43.293  INFO [ORDER-SERVICE,,] 8388 --- [restartedMain] o.s.b.w.embedded.tomcat.TomcatWebServer  : Tomcat initialized with port(s): 8082 (http)
2023-03-26 12:16:43.304  INFO [ORDER-SERVICE,,] 8388 --- [restartedMain] o.apache.catalina.core.StandardService   : Starting service [Tomcat]
2023-03-26 12:16:43.305  INFO [ORDER-SERVICE,,] 8388 --- [restartedMain] org.apache.catalina.core.StandardEngine  : Starting Servlet engine: [Apache Tomcat/9.0.71]
2023-03-26 12:16:43.397  INFO [ORDER-SERVICE,,] 8388 --- [restartedMain] o.a.c.c.C.[Tomcat].[localhost].[/]       : Initializing Spring embedded WebApplicationContext
2023-03-26 12:16:43.398  INFO [ORDER-SERVICE,,] 8388 --- [restartedMain] w.s.c.ServletWebServerApplicationContext : Root WebApplicationContext: initialization completed in 2760 ms
2023-03-26 12:16:43.486  INFO [ORDER-SERVICE,,] 8388 --- [restartedMain] com.zaxxer.hikari.HikariDataSource       : HikariPool-1 - Starting...
2023-03-26 12:16:43.954  INFO [ORDER-SERVICE,,] 8388 --- [restartedMain] com.zaxxer.hikari.HikariDataSource       : HikariPool-1 - Start completed.
2023-03-26 12:16:43.965  INFO [ORDER-SERVICE,,] 8388 --- [restartedMain] o.s.b.a.h2.H2ConsoleAutoConfiguration    : H2 console available at '/h2-console'. Database available at 'jdbc:mysql://localhost:3306/orderdb'
2023-03-26 12:16:44.764  INFO [ORDER-SERVICE,,] 8388 --- [restartedMain] o.hibernate.jpa.internal.util.LogHelper  : HHH000204: Processing PersistenceUnitInfo [name: default]
2023-03-26 12:16:44.809  INFO [ORDER-SERVICE,,] 8388 --- [restartedMain] org.hibernate.Version                    : HHH000412: Hibernate ORM core version 5.6.15.Final
2023-03-26 12:16:44.956  INFO [ORDER-SERVICE,,] 8388 --- [restartedMain] o.hibernate.annotations.common.Version   : HCANN000001: Hibernate Commons Annotations {5.1.2.Final}
2023-03-26 12:16:45.061  INFO [ORDER-SERVICE,,] 8388 --- [restartedMain] org.hibernate.dialect.Dialect            : HHH000400: Using dialect: org.hibernate.dialect.MySQL57InnoDBDialect
2023-03-26 12:16:45.721  INFO [ORDER-SERVICE,,] 8388 --- [restartedMain] o.h.e.t.j.p.i.JtaPlatformInitiator       : HHH000490: Using JtaPlatform implementation: [org.hibernate.engine.transaction.jta.platform.internal.NoJtaPlatform]
2023-03-26 12:16:45.732  INFO [ORDER-SERVICE,,] 8388 --- [restartedMain] j.LocalContainerEntityManagerFactoryBean : Initialized JPA EntityManagerFactory for persistence unit 'default'
2023-03-26 12:16:46.386  WARN [ORDER-SERVICE,,] 8388 --- [restartedMain] JpaBaseConfiguration$JpaWebConfiguration : spring.jpa.open-in-view is enabled by default. Therefore, database queries may be performed during view rendering. Explicitly configure spring.jpa.open-in-view to disable this warning
2023-03-26 12:16:46.583  INFO [ORDER-SERVICE,,] 8388 --- [restartedMain] o.s.b.d.a.OptionalLiveReloadServer       : LiveReload server is running on port 35729
2023-03-26 12:16:46.659  INFO [ORDER-SERVICE,,] 8388 --- [restartedMain] o.s.c.openfeign.FeignClientFactoryBean   : For 'PRODUCT-SERVICE' URL not provided. Will try picking an instance via load-balancing.
2023-03-26 12:16:46.889  INFO [ORDER-SERVICE,,] 8388 --- [restartedMain] o.s.c.openfeign.FeignClientFactoryBean   : For 'PAYMENT-SERVICE' URL not provided. Will try picking an instance via load-balancing.
2023-03-26 12:16:48.255  INFO [ORDER-SERVICE,,] 8388 --- [restartedMain] DiscoveryClientOptionalArgsConfiguration : Eureka HTTP Client uses RestTemplate.
2023-03-26 12:16:48.570  WARN [ORDER-SERVICE,,] 8388 --- [restartedMain] iguration$LoadBalancerCaffeineWarnLogger : Spring Cloud LoadBalancer is currently working with the default cache. While this cache implementation is useful for development and tests, it's recommended to use Caffeine cache in production.You can switch to using Caffeine cache, by adding it and org.springframework.cache.caffeine.CaffeineCacheManager to the classpath.
2023-03-26 12:16:48.796  INFO [ORDER-SERVICE,,] 8388 --- [restartedMain] o.s.c.n.eureka.InstanceInfoFactory       : Setting initial instance status as: STARTING
2023-03-26 12:16:48.849  INFO [ORDER-SERVICE,,] 8388 --- [restartedMain] com.netflix.discovery.DiscoveryClient    : Initializing Eureka in region us-east-1
2023-03-26 12:16:48.858  INFO [ORDER-SERVICE,,] 8388 --- [restartedMain] c.n.d.s.r.aws.ConfigClusterResolver      : Resolving eureka endpoints via configuration
2023-03-26 12:16:48.889  INFO [ORDER-SERVICE,,] 8388 --- [restartedMain] com.netflix.discovery.DiscoveryClient    : Disable delta property : false
2023-03-26 12:16:48.889  INFO [ORDER-SERVICE,,] 8388 --- [restartedMain] com.netflix.discovery.DiscoveryClient    : Single vip registry refresh property : null
2023-03-26 12:16:48.889  INFO [ORDER-SERVICE,,] 8388 --- [restartedMain] com.netflix.discovery.DiscoveryClient    : Force full registry fetch : false
2023-03-26 12:16:48.890  INFO [ORDER-SERVICE,,] 8388 --- [restartedMain] com.netflix.discovery.DiscoveryClient    : Application is null : false
2023-03-26 12:16:48.890  INFO [ORDER-SERVICE,,] 8388 --- [restartedMain] com.netflix.discovery.DiscoveryClient    : Registered Applications size is zero : true
2023-03-26 12:16:48.890  INFO [ORDER-SERVICE,,] 8388 --- [restartedMain] com.netflix.discovery.DiscoveryClient    : Application version is -1: true
2023-03-26 12:16:48.890  INFO [ORDER-SERVICE,,] 8388 --- [restartedMain] com.netflix.discovery.DiscoveryClient    : Getting all instance registry info from the eureka server
2023-03-26 12:16:49.100  INFO [ORDER-SERVICE,,] 8388 --- [restartedMain] com.netflix.discovery.DiscoveryClient    : The response status is 200
2023-03-26 12:16:49.104  INFO [ORDER-SERVICE,,] 8388 --- [restartedMain] com.netflix.discovery.DiscoveryClient    : Starting heartbeat executor: renew interval is: 30
2023-03-26 12:16:49.109  INFO [ORDER-SERVICE,,] 8388 --- [restartedMain] c.n.discovery.InstanceInfoReplicator     : InstanceInfoReplicator onDemand update allowed rate per min is 4
2023-03-26 12:16:49.115  INFO [ORDER-SERVICE,,] 8388 --- [restartedMain] com.netflix.discovery.DiscoveryClient    : Discovery Client initialized at timestamp 1679813209114 with initial instances count: 2
2023-03-26 12:16:49.139  INFO [ORDER-SERVICE,,] 8388 --- [restartedMain] o.s.c.n.e.s.EurekaServiceRegistry        : Registering application ORDER-SERVICE with eureka with status UP
2023-03-26 12:16:49.139  INFO [ORDER-SERVICE,,] 8388 --- [restartedMain] com.netflix.discovery.DiscoveryClient    : Saw local status change event StatusChangeEvent [timestamp=1679813209139, current=UP, previous=STARTING]
2023-03-26 12:16:49.141  INFO [ORDER-SERVICE,,] 8388 --- [DiscoveryClient-InstanceInfoReplicator-0] com.netflix.discovery.DiscoveryClient    : DiscoveryClient_ORDER-SERVICE/localhost:ORDER-SERVICE:8082: registering service...
2023-03-26 12:16:49.162  INFO [ORDER-SERVICE,,] 8388 --- [restartedMain] o.s.b.w.embedded.tomcat.TomcatWebServer  : Tomcat started on port(s): 8082 (http) with context path ''
2023-03-26 12:16:49.163  INFO [ORDER-SERVICE,,] 8388 --- [restartedMain] .s.c.n.e.s.EurekaAutoServiceRegistration : Updating port to 8082
2023-03-26 12:16:49.210  INFO [ORDER-SERVICE,,] 8388 --- [restartedMain] c.e.o.OrderServiceApplication            : Started OrderServiceApplication in 12.342 seconds (JVM running for 13.377)
2023-03-26 12:16:49.213  INFO [ORDER-SERVICE,,] 8388 --- [DiscoveryClient-InstanceInfoReplicator-0] com.netflix.discovery.DiscoveryClient    : DiscoveryClient_ORDER-SERVICE/localhost:ORDER-SERVICE:8082 - registration status: 204
2023-03-26 12:21:48.894  INFO [ORDER-SERVICE,,] 8388 --- [AsyncResolver-bootstrap-executor-0] c.n.d.s.r.aws.ConfigClusterResolver      : Resolving eureka endpoints via configuration
2023-03-26 12:22:17.337  INFO [ORDER-SERVICE,bec36b61e2e85812,2fb35e3177d7fd31] 8388 --- [http-nio-8082-exec-1] o.a.c.c.C.[Tomcat].[localhost].[/]       : Initializing Spring DispatcherServlet 'dispatcherServlet'
2023-03-26 12:22:17.338  INFO [ORDER-SERVICE,bec36b61e2e85812,2fb35e3177d7fd31] 8388 --- [http-nio-8082-exec-1] o.s.web.servlet.DispatcherServlet        : Initializing Servlet 'dispatcherServlet'
2023-03-26 12:22:17.341  INFO [ORDER-SERVICE,bec36b61e2e85812,2fb35e3177d7fd31] 8388 --- [http-nio-8082-exec-1] o.s.web.servlet.DispatcherServlet        : Completed initialization in 3 ms
2023-03-26 12:22:17.386  INFO [ORDER-SERVICE,bec36b61e2e85812,2fb35e3177d7fd31] 8388 --- [http-nio-8082-exec-1] c.e.o.service.OrderServiceImpl           : Placing Order Request: OrderRequest(productId=1, totalAmount=2000, quantity=1, paymentMode=CREDIT_CARD)
2023-03-26 12:22:17.603  INFO [ORDER-SERVICE,bec36b61e2e85812,2fb35e3177d7fd31] 8388 --- [http-nio-8082-exec-1] c.e.o.service.OrderServiceImpl           : Creating Order with Status CREATED
2023-03-26 12:22:17.681  INFO [ORDER-SERVICE,bec36b61e2e85812,2fb35e3177d7fd31] 8388 --- [http-nio-8082-exec-1] c.e.o.service.OrderServiceImpl           : Calling Payment Service to complete the payment
2023-03-26 12:22:18.012  INFO [ORDER-SERVICE,bec36b61e2e85812,2fb35e3177d7fd31] 8388 --- [http-nio-8082-exec-1] c.e.o.service.OrderServiceImpl           : Payment done Successfully. Changing the Oder status to PLACED
2023-03-26 12:22:18.025  INFO [ORDER-SERVICE,bec36b61e2e85812,2fb35e3177d7fd31] 8388 --- [http-nio-8082-exec-1] c.e.o.service.OrderServiceImpl           : Order Places successfully with Order Id: 1
2023-03-26 12:22:18.026  INFO [ORDER-SERVICE,bec36b61e2e85812,2fb35e3177d7fd31] 8388 --- [http-nio-8082-exec-1] c.e.o.controller.OrderController         : Order Id: 1
2023-03-26 12:22:38.912  INFO [ORDER-SERVICE,bf70ec0cd083f8b7,3090a98721761bc8] 8388 --- [http-nio-8082-exec-2] c.e.o.service.OrderServiceImpl           : Placing Order Request: OrderRequest(productId=2, totalAmount=90000, quantity=1, paymentMode=CASH)
2023-03-26 12:22:38.959  INFO [ORDER-SERVICE,bf70ec0cd083f8b7,3090a98721761bc8] 8388 --- [http-nio-8082-exec-2] c.e.o.service.OrderServiceImpl           : Creating Order with Status CREATED
2023-03-26 12:22:38.979  INFO [ORDER-SERVICE,bf70ec0cd083f8b7,3090a98721761bc8] 8388 --- [http-nio-8082-exec-2] c.e.o.service.OrderServiceImpl           : Calling Payment Service to complete the payment
2023-03-26 12:22:39.011  INFO [ORDER-SERVICE,bf70ec0cd083f8b7,3090a98721761bc8] 8388 --- [http-nio-8082-exec-2] c.e.o.service.OrderServiceImpl           : Payment done Successfully. Changing the Oder status to PLACED
2023-03-26 12:22:39.020  INFO [ORDER-SERVICE,bf70ec0cd083f8b7,3090a98721761bc8] 8388 --- [http-nio-8082-exec-2] c.e.o.service.OrderServiceImpl           : Order Places successfully with Order Id: 2
2023-03-26 12:22:39.020  INFO [ORDER-SERVICE,bf70ec0cd083f8b7,3090a98721761bc8] 8388 --- [http-nio-8082-exec-2] c.e.o.controller.OrderController         : Order Id: 2
2023-03-26 12:24:27.952  INFO [ORDER-SERVICE,,] 8388 --- [RMI TCP Connection(17)-127.0.0.1] inMXBeanRegistrar$SpringApplicationAdmin : Application shutdown requested.
2023-03-26 12:24:27.953  INFO [ORDER-SERVICE,,] 8388 --- [RMI TCP Connection(17)-127.0.0.1] o.s.c.n.e.s.EurekaServiceRegistry        : Unregistering application ORDER-SERVICE with eureka with status DOWN
2023-03-26 12:24:27.954  INFO [ORDER-SERVICE,,] 8388 --- [RMI TCP Connection(17)-127.0.0.1] com.netflix.discovery.DiscoveryClient    : Saw local status change event StatusChangeEvent [timestamp=1679813667954, current=DOWN, previous=UP]
2023-03-26 12:24:27.954  INFO [ORDER-SERVICE,,] 8388 --- [DiscoveryClient-InstanceInfoReplicator-0] com.netflix.discovery.DiscoveryClient    : DiscoveryClient_ORDER-SERVICE/localhost:ORDER-SERVICE:8082: registering service...
2023-03-26 12:24:27.960  INFO [ORDER-SERVICE,,] 8388 --- [RMI TCP Connection(17)-127.0.0.1] o.apache.catalina.core.StandardService   : Stopping service [Tomcat]
2023-03-26 12:24:27.962  INFO [ORDER-SERVICE,,] 8388 --- [DiscoveryClient-InstanceInfoReplicator-0] com.netflix.discovery.DiscoveryClient    : DiscoveryClient_ORDER-SERVICE/localhost:ORDER-SERVICE:8082 - registration status: 204
2023-03-26 12:24:27.962  INFO [ORDER-SERVICE,,] 8388 --- [RMI TCP Connection(17)-127.0.0.1] o.a.c.c.C.[Tomcat].[localhost].[/]       : Destroying Spring FrameworkServlet 'dispatcherServlet'
2023-03-26 12:24:27.966  WARN [ORDER-SERVICE,,] 8388 --- [RMI TCP Connection(17)-127.0.0.1] o.a.c.loader.WebappClassLoaderBase       : The web application [ROOT] appears to have started a thread named [pool-1-thread-1] but has failed to stop it. This is very likely to create a memory leak. Stack trace of thread:
 java.base@17.0.6/jdk.internal.misc.Unsafe.park(Native Method)
 java.base@17.0.6/java.util.concurrent.locks.LockSupport.park(LockSupport.java:341)
 java.base@17.0.6/java.util.concurrent.locks.AbstractQueuedSynchronizer$ConditionNode.block(AbstractQueuedSynchronizer.java:506)
 java.base@17.0.6/java.util.concurrent.ForkJoinPool.unmanagedBlock(ForkJoinPool.java:3463)
 java.base@17.0.6/java.util.concurrent.ForkJoinPool.managedBlock(ForkJoinPool.java:3434)
 java.base@17.0.6/java.util.concurrent.locks.AbstractQueuedSynchronizer$ConditionObject.await(AbstractQueuedSynchronizer.java:1623)
 java.base@17.0.6/java.util.concurrent.LinkedBlockingQueue.take(LinkedBlockingQueue.java:435)
 java.base@17.0.6/java.util.concurrent.ThreadPoolExecutor.getTask(ThreadPoolExecutor.java:1062)
 java.base@17.0.6/java.util.concurrent.ThreadPoolExecutor.runWorker(ThreadPoolExecutor.java:1122)
 java.base@17.0.6/java.util.concurrent.ThreadPoolExecutor$Worker.run(ThreadPoolExecutor.java:635)
 java.base@17.0.6/java.lang.Thread.run(Thread.java:833)
2023-03-26 12:24:27.967  WARN [ORDER-SERVICE,,] 8388 --- [RMI TCP Connection(17)-127.0.0.1] o.a.c.loader.WebappClassLoaderBase       : The web application [ROOT] appears to have started a thread named [boundedElastic-evictor-1] but has failed to stop it. This is very likely to create a memory leak. Stack trace of thread:
 java.base@17.0.6/jdk.internal.misc.Unsafe.park(Native Method)
 java.base@17.0.6/java.util.concurrent.locks.LockSupport.parkNanos(LockSupport.java:252)
 java.base@17.0.6/java.util.concurrent.locks.AbstractQueuedSynchronizer$ConditionObject.awaitNanos(AbstractQueuedSynchronizer.java:1672)
 java.base@17.0.6/java.util.concurrent.ScheduledThreadPoolExecutor$DelayedWorkQueue.take(ScheduledThreadPoolExecutor.java:1182)
 java.base@17.0.6/java.util.concurrent.ScheduledThreadPoolExecutor$DelayedWorkQueue.take(ScheduledThreadPoolExecutor.java:899)
 java.base@17.0.6/java.util.concurrent.ThreadPoolExecutor.getTask(ThreadPoolExecutor.java:1062)
 java.base@17.0.6/java.util.concurrent.ThreadPoolExecutor.runWorker(ThreadPoolExecutor.java:1122)
 java.base@17.0.6/java.util.concurrent.ThreadPoolExecutor$Worker.run(ThreadPoolExecutor.java:635)
 java.base@17.0.6/java.lang.Thread.run(Thread.java:833)
2023-03-26 12:24:27.968  WARN [ORDER-SERVICE,,] 8388 --- [RMI TCP Connection(17)-127.0.0.1] o.a.c.loader.WebappClassLoaderBase       : The web application [ROOT] appears to have started a thread named [pool-15-thread-1] but has failed to stop it. This is very likely to create a memory leak. Stack trace of thread:
 java.base@17.0.6/jdk.internal.misc.Unsafe.park(Native Method)
 java.base@17.0.6/java.util.concurrent.locks.LockSupport.park(LockSupport.java:341)
 java.base@17.0.6/java.util.concurrent.locks.AbstractQueuedSynchronizer$ConditionNode.block(AbstractQueuedSynchronizer.java:506)
 java.base@17.0.6/java.util.concurrent.ForkJoinPool.unmanagedBlock(ForkJoinPool.java:3463)
 java.base@17.0.6/java.util.concurrent.ForkJoinPool.managedBlock(ForkJoinPool.java:3434)
 java.base@17.0.6/java.util.concurrent.locks.AbstractQueuedSynchronizer$ConditionObject.await(AbstractQueuedSynchronizer.java:1623)
 java.base@17.0.6/java.util.concurrent.ScheduledThreadPoolExecutor$DelayedWorkQueue.take(ScheduledThreadPoolExecutor.java:1170)
 java.base@17.0.6/java.util.concurrent.ScheduledThreadPoolExecutor$DelayedWorkQueue.take(ScheduledThreadPoolExecutor.java:899)
 java.base@17.0.6/java.util.concurrent.ThreadPoolExecutor.getTask(ThreadPoolExecutor.java:1062)
 java.base@17.0.6/java.util.concurrent.ThreadPoolExecutor.runWorker(ThreadPoolExecutor.java:1122)
 java.base@17.0.6/java.util.concurrent.ThreadPoolExecutor$Worker.run(ThreadPoolExecutor.java:635)
 java.base@17.0.6/java.lang.Thread.run(Thread.java:833)
2023-03-26 12:24:27.968  WARN [ORDER-SERVICE,,] 8388 --- [RMI TCP Connection(17)-127.0.0.1] o.a.c.loader.WebappClassLoaderBase       : The web application [ROOT] appears to have started a thread named [AsyncReporter{RestTemplateSender{http://localhost:9411/api/v2/spans}}] but has failed to stop it. This is very likely to create a memory leak. Stack trace of thread:
 java.base@17.0.6/jdk.internal.misc.Unsafe.park(Native Method)
 java.base@17.0.6/java.util.concurrent.locks.LockSupport.parkNanos(LockSupport.java:252)
 java.base@17.0.6/java.util.concurrent.locks.AbstractQueuedSynchronizer$ConditionObject.awaitNanos(AbstractQueuedSynchronizer.java:1672)
 app//zipkin2.reporter.ByteBoundedQueue.drainTo(ByteBoundedQueue.java:81)
 app//zipkin2.reporter.AsyncReporter$BoundedAsyncReporter.flush(AsyncReporter.java:270)
 app//zipkin2.reporter.AsyncReporter$Flusher.run(AsyncReporter.java:378)
 java.base@17.0.6/java.lang.Thread.run(Thread.java:833)
2023-03-26 12:24:27.979  INFO [ORDER-SERVICE,,] 8388 --- [RMI TCP Connection(17)-127.0.0.1] j.LocalContainerEntityManagerFactoryBean : Closing JPA EntityManagerFactory for persistence unit 'default'
2023-03-26 12:24:28.645  INFO [ORDER-SERVICE,,] 8388 --- [RMI TCP Connection(17)-127.0.0.1] com.zaxxer.hikari.HikariDataSource       : HikariPool-1 - Shutdown initiated...
2023-03-26 12:24:28.645  INFO [ORDER-SERVICE,,] 8388 --- [Thread-5] o.s.c.s.a.z.ZipkinAutoConfiguration      : Flushing remaining spans on shutdown
2023-03-26 12:24:28.657  INFO [ORDER-SERVICE,,] 8388 --- [RMI TCP Connection(17)-127.0.0.1] com.zaxxer.hikari.HikariDataSource       : HikariPool-1 - Shutdown completed.
2023-03-26 12:24:28.658  INFO [ORDER-SERVICE,,] 8388 --- [RMI TCP Connection(17)-127.0.0.1] com.netflix.discovery.DiscoveryClient    : Shutting down DiscoveryClient ...
2023-03-26 12:24:31.662  INFO [ORDER-SERVICE,,] 8388 --- [RMI TCP Connection(17)-127.0.0.1] com.netflix.discovery.DiscoveryClient    : Unregistering ...
2023-03-26 12:24:31.669  INFO [ORDER-SERVICE,,] 8388 --- [RMI TCP Connection(17)-127.0.0.1] com.netflix.discovery.DiscoveryClient    : DiscoveryClient_ORDER-SERVICE/localhost:ORDER-SERVICE:8082 - deregister  status: 200
2023-03-26 12:24:31.681  INFO [ORDER-SERVICE,,] 8388 --- [RMI TCP Connection(17)-127.0.0.1] com.netflix.discovery.DiscoveryClient    : Completed shut down of DiscoveryClient
